<?xml version="1.0" encoding="UTF-8"?>
<testng-results ignored="0" total="3" passed="3" failed="0" skipped="0">
  <reporter-output>
  </reporter-output>
  <suite started-at="2024-04-27T10:47:43 GMT" name="Vendor Portal" finished-at="2024-04-27T10:47:53 GMT" duration-ms="9773">
    <groups>
    </groups>
    <test started-at="2024-04-27T10:47:43 GMT" name="VendorPortalTestSam" finished-at="2024-04-27T10:47:53 GMT" duration-ms="9773">
      <class name="com.qa.tests.vendorportal.VendorPortalTest">
        <test-method is-config="true" signature="setupConfig()[pri:0, instance:com.qa.tests.vendorportal.VendorPortalTest@71e9ddb4]" started-at="2024-04-27T10:47:43 GMT" name="setupConfig" finished-at="2024-04-27T10:47:43 GMT" duration-ms="31" status="PASS">
          <reporter-output>
          </reporter-output>
        </test-method> <!-- setupConfig -->
        <test-method is-config="true" signature="setDriver(org.testng.ITestContext)[pri:0, instance:com.qa.tests.vendorportal.VendorPortalTest@71e9ddb4]" started-at="2024-04-27T10:47:43 GMT" name="setDriver" finished-at="2024-04-27T10:47:46 GMT" duration-ms="3043" status="PASS">
          <params>
            <param index="0">
              <value>
                <![CDATA[org.testng.TestRunner@5af97169]]>
              </value>
            </param>
          </params>
          <reporter-output>
          </reporter-output>
        </test-method> <!-- setDriver -->
        <test-method is-config="true" signature="setDriver(java.lang.String)[pri:0, instance:com.qa.tests.vendorportal.VendorPortalTest@71e9ddb4]" started-at="2024-04-27T10:47:46 GMT" name="setDriver" finished-at="2024-04-27T10:47:46 GMT" duration-ms="246" status="PASS">
          <params>
            <param index="0">
              <value>
                <![CDATA[test-data/vendor-portal/sam.json]]>
              </value>
            </param>
          </params>
          <reporter-output>
          </reporter-output>
        </test-method> <!-- setDriver -->
        <test-method signature="login()[pri:0, instance:com.qa.tests.vendorportal.VendorPortalTest@71e9ddb4]" started-at="2024-04-27T10:47:46 GMT" name="login" finished-at="2024-04-27T10:47:49 GMT" duration-ms="2071" status="PASS">
          <reporter-output>
          </reporter-output>
        </test-method> <!-- login -->
        <test-method is-config="true" signature="setDriver(java.lang.String)[pri:0, instance:com.qa.tests.vendorportal.VendorPortalTest@71e9ddb4]" started-at="2024-04-27T10:47:49 GMT" name="setDriver" finished-at="2024-04-27T10:47:49 GMT" duration-ms="5" status="PASS">
          <params>
            <param index="0">
              <value>
                <![CDATA[test-data/vendor-portal/sam.json]]>
              </value>
            </param>
          </params>
          <reporter-output>
          </reporter-output>
        </test-method> <!-- setDriver -->
        <test-method signature="dashBoardTest()[pri:0, instance:com.qa.tests.vendorportal.VendorPortalTest@71e9ddb4]" started-at="2024-04-27T10:47:49 GMT" name="dashBoardTest" finished-at="2024-04-27T10:47:51 GMT" depends-on-methods="com.qa.tests.vendorportal.VendorPortalTest.login" duration-ms="2782" status="PASS">
          <reporter-output>
          </reporter-output>
        </test-method> <!-- dashBoardTest -->
        <test-method is-config="true" signature="setDriver(java.lang.String)[pri:0, instance:com.qa.tests.vendorportal.VendorPortalTest@71e9ddb4]" started-at="2024-04-27T10:47:51 GMT" name="setDriver" finished-at="2024-04-27T10:47:51 GMT" duration-ms="3" status="PASS">
          <params>
            <param index="0">
              <value>
                <![CDATA[test-data/vendor-portal/sam.json]]>
              </value>
            </param>
          </params>
          <reporter-output>
          </reporter-output>
        </test-method> <!-- setDriver -->
        <test-method signature="logoutTest()[pri:0, instance:com.qa.tests.vendorportal.VendorPortalTest@71e9ddb4]" started-at="2024-04-27T10:47:51 GMT" name="logoutTest" finished-at="2024-04-27T10:47:53 GMT" depends-on-methods="com.qa.tests.vendorportal.VendorPortalTest.dashBoardTest" duration-ms="1245" status="PASS">
          <reporter-output>
          </reporter-output>
        </test-method> <!-- logoutTest -->
        <test-method is-config="true" signature="tearDown()[pri:0, instance:com.qa.tests.vendorportal.VendorPortalTest@71e9ddb4]" started-at="2024-04-27T10:47:53 GMT" name="tearDown" finished-at="2024-04-27T10:47:53 GMT" duration-ms="335" status="PASS">
          <reporter-output>
          </reporter-output>
        </test-method> <!-- tearDown -->
      </class> <!-- com.qa.tests.vendorportal.VendorPortalTest -->
    </test> <!-- VendorPortalTestSam -->
  </suite> <!-- Vendor Portal -->
</testng-results>
