Started by user [8mha:////4HM8V4a3bJu9M28VbW9/ziPxb9sTJfTWy/OyiCs5oePeAAAAlx+LCAAAAAAAAP9b85aBtbiIQTGjNKU4P08vOT+vOD8nVc83PyU1x6OyILUoJzMv2y+/JJUBAhiZGBgqihhk0NSjKDWzXb3RdlLBUSYGJk8GtpzUvPSSDB8G5tKinBIGIZ+sxLJE/ZzEvHT94JKizLx0a6BxUmjGOUNodHsLgAzWEgZu/dLi1CL9xJTczDwAj6GcLcAAAAA=[0madmin
org.codehaus.groovy.control.MultipleCompilationErrorsException: startup failed:
WorkflowScript: 7: Environment variable values must either be single quoted, double quoted, or function calls. @ line 7, column 15.
           env = dev
                 ^

WorkflowScript: 14: Environment variable values must either be single quoted, double quoted, or function calls. @ line 14, column 23.
                   env = dev
                         ^

WorkflowScript: 26: Environment variable values must either be single quoted, double quoted, or function calls. @ line 26, column 23.
                   env = qa
                         ^

WorkflowScript: 36: Environment variable values must either be single quoted, double quoted, or function calls. @ line 36, column 23.
                   env = prod
                         ^

WorkflowScript: 13: No variables specified for environment @ line 13, column 13.
               environment {
               ^

WorkflowScript: 25: No variables specified for environment @ line 25, column 14.
                environment {
                ^

WorkflowScript: 35: No variables specified for environment @ line 35, column 14.
                environment {
                ^

WorkflowScript: 6: No variables specified for environment @ line 6, column 6.
        environment {
        ^

8 errors

	at org.codehaus.groovy.control.ErrorCollector.failIfErrors(ErrorCollector.java:309)
	at org.codehaus.groovy.control.CompilationUnit.applyToPrimaryClassNodes(CompilationUnit.java:1107)
	at org.codehaus.groovy.control.CompilationUnit.doPhaseOperation(CompilationUnit.java:624)
	at org.codehaus.groovy.control.CompilationUnit.processPhaseOperations(CompilationUnit.java:602)
	at org.codehaus.groovy.control.CompilationUnit.compile(CompilationUnit.java:579)
	at groovy.lang.GroovyClassLoader.doParseClass(GroovyClassLoader.java:323)
	at groovy.lang.GroovyClassLoader.parseClass(GroovyClassLoader.java:293)
	at org.jenkinsci.plugins.scriptsecurity.sandbox.groovy.GroovySandbox$Scope.parse(GroovySandbox.java:163)
	at org.jenkinsci.plugins.workflow.cps.CpsGroovyShell.doParse(CpsGroovyShell.java:190)
	at org.jenkinsci.plugins.workflow.cps.CpsGroovyShell.reparse(CpsGroovyShell.java:175)
	at org.jenkinsci.plugins.workflow.cps.CpsFlowExecution.parseScript(CpsFlowExecution.java:635)
	at org.jenkinsci.plugins.workflow.cps.CpsFlowExecution.start(CpsFlowExecution.java:581)
	at org.jenkinsci.plugins.workflow.job.WorkflowRun.run(WorkflowRun.java:335)
	at hudson.model.ResourceController.execute(ResourceController.java:101)
	at hudson.model.Executor.run(Executor.java:442)
Finished: FAILURE
