<?xml version="1.0" encoding="UTF-8"?>
<testng-results ignored="0" total="3" passed="3" failed="0" skipped="0">
  <reporter-output>
  </reporter-output>
  <suite started-at="2024-04-27T11:09:19 GMT" name="Vendor Portal" finished-at="2024-04-27T11:09:40 GMT" duration-ms="21204">
    <groups>
    </groups>
    <test started-at="2024-04-27T11:09:19 GMT" name="VendorPortalTestSam" finished-at="2024-04-27T11:09:40 GMT" duration-ms="21204">
      <class name="com.qa.tests.vendorportal.VendorPortalTest">
        <test-method is-config="true" signature="setupConfig()[pri:0, instance:com.qa.tests.vendorportal.VendorPortalTest@71e9ddb4]" started-at="2024-04-27T11:09:19 GMT" name="setupConfig" finished-at="2024-04-27T11:09:19 GMT" duration-ms="46" status="PASS">
          <reporter-output>
          </reporter-output>
        </test-method> <!-- setupConfig -->
        <test-method is-config="true" signature="setDriver(org.testng.ITestContext)[pri:0, instance:com.qa.tests.vendorportal.VendorPortalTest@71e9ddb4]" started-at="2024-04-27T11:09:19 GMT" name="setDriver" finished-at="2024-04-27T11:09:28 GMT" duration-ms="9173" status="PASS">
          <params>
            <param index="0">
              <value>
                <![CDATA[org.testng.TestRunner@511505e7]]>
              </value>
            </param>
          </params>
          <reporter-output>
          </reporter-output>
        </test-method> <!-- setDriver -->
        <test-method is-config="true" signature="setDriver(java.lang.String)[pri:0, instance:com.qa.tests.vendorportal.VendorPortalTest@71e9ddb4]" started-at="2024-04-27T11:09:28 GMT" name="setDriver" finished-at="2024-04-27T11:09:29 GMT" duration-ms="703" status="PASS">
          <params>
            <param index="0">
              <value>
                <![CDATA[test-data/vendor-portal/sam.json]]>
              </value>
            </param>
          </params>
          <reporter-output>
          </reporter-output>
        </test-method> <!-- setDriver -->
        <test-method signature="login()[pri:0, instance:com.qa.tests.vendorportal.VendorPortalTest@71e9ddb4]" started-at="2024-04-27T11:09:29 GMT" name="login" finished-at="2024-04-27T11:09:32 GMT" duration-ms="2813" status="PASS">
          <reporter-output>
          </reporter-output>
        </test-method> <!-- login -->
        <test-method is-config="true" signature="setDriver(java.lang.String)[pri:0, instance:com.qa.tests.vendorportal.VendorPortalTest@71e9ddb4]" started-at="2024-04-27T11:09:32 GMT" name="setDriver" finished-at="2024-04-27T11:09:32 GMT" duration-ms="14" status="PASS">
          <params>
            <param index="0">
              <value>
                <![CDATA[test-data/vendor-portal/sam.json]]>
              </value>
            </param>
          </params>
          <reporter-output>
          </reporter-output>
        </test-method> <!-- setDriver -->
        <test-method signature="dashBoardTest()[pri:0, instance:com.qa.tests.vendorportal.VendorPortalTest@71e9ddb4]" started-at="2024-04-27T11:09:32 GMT" name="dashBoardTest" finished-at="2024-04-27T11:09:36 GMT" depends-on-methods="com.qa.tests.vendorportal.VendorPortalTest.login" duration-ms="4052" status="PASS">
          <reporter-output>
          </reporter-output>
        </test-method> <!-- dashBoardTest -->
        <test-method is-config="true" signature="setDriver(java.lang.String)[pri:0, instance:com.qa.tests.vendorportal.VendorPortalTest@71e9ddb4]" started-at="2024-04-27T11:09:36 GMT" name="setDriver" finished-at="2024-04-27T11:09:36 GMT" duration-ms="24" status="PASS">
          <params>
            <param index="0">
              <value>
                <![CDATA[test-data/vendor-portal/sam.json]]>
              </value>
            </param>
          </params>
          <reporter-output>
          </reporter-output>
        </test-method> <!-- setDriver -->
        <test-method signature="logoutTest()[pri:0, instance:com.qa.tests.vendorportal.VendorPortalTest@71e9ddb4]" started-at="2024-04-27T11:09:36 GMT" name="logoutTest" finished-at="2024-04-27T11:09:39 GMT" depends-on-methods="com.qa.tests.vendorportal.VendorPortalTest.dashBoardTest" duration-ms="2816" status="PASS">
          <reporter-output>
          </reporter-output>
        </test-method> <!-- logoutTest -->
        <test-method is-config="true" signature="tearDown()[pri:0, instance:com.qa.tests.vendorportal.VendorPortalTest@71e9ddb4]" started-at="2024-04-27T11:09:39 GMT" name="tearDown" finished-at="2024-04-27T11:09:40 GMT" duration-ms="1473" status="PASS">
          <reporter-output>
          </reporter-output>
        </test-method> <!-- tearDown -->
      </class> <!-- com.qa.tests.vendorportal.VendorPortalTest -->
    </test> <!-- VendorPortalTestSam -->
  </suite> <!-- Vendor Portal -->
</testng-results>
