<?xml version="1.0" encoding="UTF-8"?>
<testng-results ignored="0" total="3" passed="3" failed="0" skipped="0">
  <reporter-output>
  </reporter-output>
  <suite started-at="2024-04-28T11:39:05 IST" name="Default suite" finished-at="2024-04-28T11:39:05 IST" duration-ms="58">
    <groups>
    </groups>
    <test started-at="2024-04-28T11:39:05 IST" name="Default test" finished-at="2024-04-28T11:39:05 IST" duration-ms="58">
      <class name="Locators.TestOne">
        <test-method is-config="true" signature="a()[pri:0, instance:Locators.TestOne@6631f5ca]" started-at="2024-04-28T11:39:05 IST" name="a" finished-at="2024-04-28T11:39:05 IST" duration-ms="4" status="PASS">
          <reporter-output>
          </reporter-output>
        </test-method> <!-- a -->
        <test-method signature="b()[pri:0, instance:Locators.TestOne@6631f5ca]" started-at="2024-04-28T11:39:05 IST" name="b" finished-at="2024-04-28T11:39:05 IST" duration-ms="6" status="PASS">
          <reporter-output>
          </reporter-output>
        </test-method> <!-- b -->
        <test-method is-config="true" signature="e()[pri:0, instance:Locators.TestOne@6631f5ca]" started-at="2024-04-28T11:39:05 IST" name="e" finished-at="2024-04-28T11:39:05 IST" duration-ms="0" status="PASS">
          <reporter-output>
          </reporter-output>
        </test-method> <!-- e -->
        <test-method is-config="true" signature="a()[pri:0, instance:Locators.TestOne@6631f5ca]" started-at="2024-04-28T11:39:05 IST" name="a" finished-at="2024-04-28T11:39:05 IST" duration-ms="1" status="PASS">
          <reporter-output>
          </reporter-output>
        </test-method> <!-- a -->
        <test-method signature="c()[pri:0, instance:Locators.TestOne@6631f5ca]" started-at="2024-04-28T11:39:05 IST" name="c" finished-at="2024-04-28T11:39:05 IST" depends-on-methods="Locators.TestOne.b" duration-ms="2" status="PASS">
          <reporter-output>
          </reporter-output>
        </test-method> <!-- c -->
        <test-method is-config="true" signature="e()[pri:0, instance:Locators.TestOne@6631f5ca]" started-at="2024-04-28T11:39:05 IST" name="e" finished-at="2024-04-28T11:39:05 IST" duration-ms="0" status="PASS">
          <reporter-output>
          </reporter-output>
        </test-method> <!-- e -->
        <test-method signature="d()[pri:0, instance:Locators.TestOne@6631f5ca]" started-at="2024-04-28T11:39:05 IST" name="d" finished-at="2024-04-28T11:39:05 IST" depends-on-methods="Locators.TestOne.c" duration-ms="5" status="PASS">
          <reporter-output>
          </reporter-output>
        </test-method> <!-- d -->
        <test-method is-config="true" signature="a()[pri:0, instance:Locators.TestOne@6631f5ca]" started-at="2024-04-28T11:39:05 IST" name="a" finished-at="2024-04-28T11:39:05 IST" duration-ms="0" status="PASS">
          <reporter-output>
          </reporter-output>
        </test-method> <!-- a -->
        <test-method is-config="true" signature="e()[pri:0, instance:Locators.TestOne@6631f5ca]" started-at="2024-04-28T11:39:05 IST" name="e" finished-at="2024-04-28T11:39:05 IST" duration-ms="0" status="PASS">
          <reporter-output>
          </reporter-output>
        </test-method> <!-- e -->
      </class> <!-- Locators.TestOne -->
    </test> <!-- Default test -->
  </suite> <!-- Default suite -->
</testng-results>
