<?xml version="1.0" encoding="UTF-8"?>
<!-- Generated by org.testng.reporters.JUnitXMLReporter -->
<testsuite ignored="0" hostname="Vaibhavs-MacBook-Air.local" failures="0" tests="3" name="VendorPortalTestSam" time="19.322" errors="0" timestamp="2024-04-27T16:14:26 IST">
  <testcase classname="com.qa.tests.vendorportal.VendorPortalTest" name="login" time="2.592"/>
  <testcase classname="com.qa.tests.vendorportal.VendorPortalTest" name="dashBoardTest" time="5.191"/>
  <testcase classname="com.qa.tests.vendorportal.VendorPortalTest" name="logoutTest" time="1.909"/>
</testsuite> <!-- VendorPortalTestSam -->
