<?xml version="1.0" encoding="UTF-8"?>
<!-- Generated by org.testng.reporters.JUnitXMLReporter -->
<testsuite ignored="0" hostname="Vaibhavs-MacBook-Air.local" failures="0" tests="5" name="Test3" time="24.092" errors="0" timestamp="2024-04-27T13:10:29 IST">
  <testcase classname="com.qa.tests.flightreservation.FlightReservationTest" name="userRegistrationTest" time="6.495"/>
  <testcase classname="com.qa.tests.flightreservation.FlightReservationTest" name="userConfirmationTest" time="0.421"/>
  <testcase classname="com.qa.tests.flightreservation.FlightReservationTest" name="flightSearchTest" time="0.883"/>
  <testcase classname="com.qa.tests.flightreservation.FlightReservationTest" name="FlightSelectionTest" time="4.235"/>
  <testcase classname="com.qa.tests.flightreservation.FlightReservationTest" name="flightConfirmationTest" time="2.735"/>
</testsuite> <!-- Test3 -->
