<?xml version="1.0" encoding="UTF-8"?>
<!-- Generated by org.testng.reporters.JUnitXMLReporter -->
<testsuite ignored="0" hostname="Vaibhavs-MacBook-Air.local" failures="0" tests="5" name="Test2" time="24.378" errors="0" timestamp="2024-04-27T13:10:30 IST">
  <testcase classname="com.qa.tests.flightreservation.FlightReservationTest" name="userRegistrationTest" time="6.369"/>
  <testcase classname="com.qa.tests.flightreservation.FlightReservationTest" name="userConfirmationTest" time="1.003"/>
  <testcase classname="com.qa.tests.flightreservation.FlightReservationTest" name="flightSearchTest" time="1.546"/>
  <testcase classname="com.qa.tests.flightreservation.FlightReservationTest" name="FlightSelectionTest" time="3.498"/>
  <testcase classname="com.qa.tests.flightreservation.FlightReservationTest" name="flightConfirmationTest" time="2.638"/>
</testsuite> <!-- Test2 -->
